Begin Incremental Netlisting May  7 02:45:25 2025
WARNING (OSSHNL-225): The design variable '_EXPR_7', used in the last netlisting
session in the current
run directory is not used in this netlisting session. The
netlist(s) generated
in the last netlisting session cannot be reused for
incremental netlisting.
Therefore re-netlisting the design.

End netlisting May  7 02:45:25 2025
Begin Incremental Netlisting May  7 02:46:14 2025
End netlisting May  7 02:46:14 2025
Begin Incremental Netlisting May  7 02:46:53 2025
End netlisting May  7 02:46:54 2025
Begin Incremental Netlisting May  7 02:49:28 2025
End netlisting May  7 02:49:28 2025
Begin Incremental Netlisting May  7 02:50:24 2025
End netlisting May  7 02:50:24 2025
Begin Incremental Netlisting May  7 02:50:46 2025
End netlisting May  7 02:50:46 2025
Begin Incremental Netlisting May  7 02:51:22 2025
End netlisting May  7 02:51:22 2025
Begin Incremental Netlisting May  7 02:51:49 2025
End netlisting May  7 02:51:49 2025
Begin Incremental Netlisting May  7 02:52:36 2025
End netlisting May  7 02:52:36 2025
Begin Incremental Netlisting May  7 02:55:54 2025
WARNING (OSSHNL-160): The primitive, 'sky130_fd_pr_main/npn_05v5/spectre', was
not used in the last netlisting session in this
current run directory.
Therefore, re-netlisting all cell views where this
primitive is instantiated.

End netlisting May  7 02:55:54 2025
Begin Incremental Netlisting May  7 02:57:59 2025
End netlisting May  7 02:57:59 2025
Begin Incremental Netlisting May  7 02:59:18 2025
End netlisting May  7 02:59:18 2025
